Allergy/app/build/intermediates/manifest_merge_blame_file/debug/manifest-merger-blame-debug-report.txt
1<?xml version="1.0" encoding="utf-8"?>
2<manifest xmlns:android="http://schemas.android.com/apk/res/android"
3    package="com.example.allergy"
4    android:versionCode="1"
5    android:versionName="1.0" >
6
7    <uses-sdk
8        android:minSdkVersion="16"
8-->src\main\AndroidManifest.xml
9        android:targetSdkVersion="30" />
9-->src\main\AndroidManifest.xml
10
11    <uses-permission android:name="android.permission.INTERNET" />
11-->src\main\AndroidManifest.xml:28:5-67
11-->src\main\AndroidManifest.xml:28:22-64
12    <uses-permission android:name="android.permission.ACCESS_NETWORK_STATE" />
12-->src\main\AndroidManifest.xml:29:5-79
12-->src\main\AndroidManifest.xml:29:22-76
13
14    <application
14-->src\main\AndroidManifest.xml:5:5-26:19
15        android:allowBackup="true"
15-->src\main\AndroidManifest.xml:6:9-35
16        android:appComponentFactory="androidx.core.app.CoreComponentFactory"
16-->[androidx.core:core:1.3.1] AndroidManifest.xml:24:18-86
17        android:debuggable="true"
18        android:icon="@mipmap/ic_launcher"
18-->src\main\AndroidManifest.xml:7:9-43
19        android:label="@string/app_name"
19-->src\main\AndroidManifest.xml:8:9-41
20        android:networkSecurityConfig="@xml/network_security_config"
20-->src\main\AndroidManifest.xml:11:9-69
21        android:roundIcon="@mipmap/ic_launcher_round"
21-->src\main\AndroidManifest.xml:9:9-54
22        android:supportsRtl="true"
22-->src\main\AndroidManifest.xml:10:9-35
23        android:testOnly="true"
24        android:theme="@style/Theme.Allergy"
24-->src\main\AndroidManifest.xml:13:9-45
25        android:usesCleartextTraffic="true" >
25-->src\main\AndroidManifest.xml:12:9-44
26        <activity android:name="com.example.allergy.StoreListActivity" />
26-->src\main\AndroidManifest.xml:14:9-55
26-->src\main\AndroidManifest.xml:14:19-52
27        <activity android:name="com.example.allergy.MenuListActivity" />
27-->src\main\AndroidManifest.xml:15:9-54
27-->src\main\AndroidManifest.xml:15:19-51
28        <activity android:name="com.example.allergy.ResisterActivity" />
28-->src\main\AndroidManifest.xml:16:9-54
28-->src\main\AndroidManifest.xml:16:19-51
29        <activity android:name="com.example.allergy.LoginActivity" />
29-->src\main\AndroidManifest.xml:17:9-51
29-->src\main\AndroidManifest.xml:17:19-48
30        <activity android:name="com.example.allergy.UserInfoSetting" />
30-->src\main\AndroidManifest.xml:18:9-52
30-->src\main\AndroidManifest.xml:18:19-50
31        <activity android:name="com.example.allergy.MainActivity" >
31-->src\main\AndroidManifest.xml:19:9-25:20
31-->src\main\AndroidManifest.xml:19:19-47
32            <intent-filter>
32-->src\main\AndroidManifest.xml:20:13-24:29
33                <action android:name="android.intent.action.MAIN" />
33-->src\main\AndroidManifest.xml:21:17-69
33-->src\main\AndroidManifest.xml:21:25-66
34
35                <category android:name="android.intent.category.LAUNCHER" />
35-->src\main\AndroidManifest.xml:23:17-77
35-->src\main\AndroidManifest.xml:23:27-74
36            </intent-filter>
37        </activity>
38    </application>
39
40</manifest>